Using pre-set license
Built from '2022.3/staging' branch; Version is '2022.3.14f1 (eff2de9070d8) revision 15725278'; Using compiler version '192829333'; Build Type 'Release'
OS: 'Windows 10  (10.0.19045) 64bit Core' Language: 'en' Physical Memory: 32627 MB
BatchMode: 1, IsHumanControllingUs: 0, StartBugReporterOnCrash: 0, Is64bit: 1, IsPro: 1

COMMAND LINE ARGUMENTS:
C:\Program Files\Unity\Hub\Editor\2022.3.14f1\Editor\Unity.exe
-adb2
-batchMode
-noUpm
-name
AssetImportWorker0
-projectPath
C:/Users/SweetClown/HeroesArena/HeroesArena
-logFile
Logs/AssetImportWorker0.log
-srvPort
61868
Successfully changed project path to: C:/Users/SweetClown/HeroesArena/HeroesArena
C:/Users/SweetClown/HeroesArena/HeroesArena
[UnityMemory] Configuration Parameters - Can be set up in boot.config
    "memorysetup-bucket-allocator-granularity=16"
    "memorysetup-bucket-allocator-bucket-count=8"
    "memorysetup-bucket-allocator-block-size=33554432"
    "memorysetup-bucket-allocator-block-count=8"
    "memorysetup-main-allocator-block-size=16777216"
    "memorysetup-thread-allocator-block-size=16777216"
    "memorysetup-gfx-main-allocator-block-size=16777216"
    "memorysetup-gfx-thread-allocator-block-size=16777216"
    "memorysetup-cache-allocator-block-size=4194304"
    "memorysetup-typetree-allocator-block-size=2097152"
    "memorysetup-profiler-bucket-allocator-granularity=16"
    "memorysetup-profiler-bucket-allocator-bucket-count=8"
    "memorysetup-profiler-bucket-allocator-block-size=33554432"
    "memorysetup-profiler-bucket-allocator-block-count=8"
    "memorysetup-profiler-allocator-block-size=16777216"
    "memorysetup-profiler-editor-allocator-block-size=1048576"
    "memorysetup-temp-allocator-size-main=16777216"
    "memorysetup-job-temp-allocator-block-size=2097152"
    "memorysetup-job-temp-allocator-block-size-background=1048576"
    "memorysetup-job-temp-allocator-reduction-small-platforms=262144"
    "memorysetup-allocator-temp-initial-block-size-main=262144"
    "memorysetup-allocator-temp-initial-block-size-worker=262144"
    "memorysetup-temp-allocator-size-background-worker=32768"
    "memorysetup-temp-allocator-size-job-worker=262144"
    "memorysetup-temp-allocator-size-preload-manager=33554432"
    "memorysetup-temp-allocator-size-nav-mesh-worker=65536"
    "memorysetup-temp-allocator-size-audio-worker=65536"
    "memorysetup-temp-allocator-size-cloud-worker=32768"
    "memorysetup-temp-allocator-size-gi-baking-worker=262144"
    "memorysetup-temp-allocator-size-gfx=262144"
Player connection [5608] Host "[IP] 112.120.223.155 [Port] 0 [Flags] 2 [Guid] 2492904599 [EditorId] 2492904599 [Version] 1048832 [Id] WindowsEditor(7,DESKTOP-P1L6DDT) [Debug] 1 [PackageName] WindowsEditor [ProjectName] Editor" joined multi-casting on [225.0.0.222:54997]...

Player connection [5608] Host "[IP] 112.120.223.155 [Port] 0 [Flags] 2 [Guid] 2492904599 [EditorId] 2492904599 [Version] 1048832 [Id] WindowsEditor(7,DESKTOP-P1L6DDT) [Debug] 1 [PackageName] WindowsEditor [ProjectName] Editor" joined alternative multi-casting on [225.0.0.222:34997]...

[Physics::Module] Initialized MultithreadedJobDispatcher with 19 workers.
Refreshing native plugins compatible for Editor in 11.83 ms, found 3 plugins.
Preloading 0 native plugins for Editor in 0.00 ms.
Initialize engine version: 2022.3.14f1 (eff2de9070d8)
[Subsystems] Discovering subsystems at path C:/Program Files/Unity/Hub/Editor/2022.3.14f1/Editor/Data/Resources/UnitySubsystems
[Subsystems] Discovering subsystems at path C:/Users/SweetClown/HeroesArena/HeroesArena/Assets
GfxDevice: creating device client; threaded=0; jobified=0
Direct3D:
    Version:  Direct3D 11.0 [level 11.1]
    Renderer: NVIDIA GeForce RTX 4070 Ti (ID=0x2782)
    Vendor:   NVIDIA
    VRAM:     11996 MB
    Driver:   31.0.15.5161
Initialize mono
Mono path[0] = 'C:/Program Files/Unity/Hub/Editor/2022.3.14f1/Editor/Data/Managed'
Mono path[1] = 'C:/Program Files/Unity/Hub/Editor/2022.3.14f1/Editor/Data/MonoBleedingEdge/lib/mono/unityjit-win32'
Mono config path = 'C:/Program Files/Unity/Hub/Editor/2022.3.14f1/Editor/Data/MonoBleedingEdge/etc'
Using monoOptions --debugger-agent=transport=dt_socket,embedding=1,server=y,suspend=n,address=127.0.0.1:56380
Begin MonoManager ReloadAssembly
Registering precompiled unity dll's ...
Register platform support module: C:/Program Files/Unity/Hub/Editor/2022.3.14f1/Editor/Data/PlaybackEngines/WebGLSupport/UnityEditor.WebGL.Extensions.dll
Register platform support module: C:/Program Files/Unity/Hub/Editor/2022.3.14f1/Editor/Data/PlaybackEngines/AndroidPlayer/UnityEditor.Android.Extensions.dll
Register platform support module: C:/Program Files/Unity/Hub/Editor/2022.3.14f1/Editor/Data/PlaybackEngines/WindowsStandaloneSupport/UnityEditor.WindowsStandalone.Extensions.dll
Registered in 0.018741 seconds.
- Loaded All Assemblies, in  0.440 seconds
Native extension for WindowsStandalone target not found
Native extension for Android target not found
Android Extension - Scanning For ADB Devices 262 ms
Native extension for WebGL target not found
Mono: successfully reloaded assembly
- Finished resetting the current domain, in  0.624 seconds
Domain Reload Profiling: 1061ms
	BeginReloadAssembly (140ms)
		ExecutionOrderSort (0ms)
		DisableScriptedObjects (0ms)
		BackupInstance (0ms)
		ReleaseScriptingObjects (0ms)
		CreateAndSetChildDomain (1ms)
	RebuildCommonClasses (37ms)
	RebuildNativeTypeToScriptingClass (13ms)
	initialDomainReloadingComplete (84ms)
	LoadAllAssembliesAndSetupDomain (163ms)
		LoadAssemblies (137ms)
		RebuildTransferFunctionScriptingTraits (0ms)
		AnalyzeDomain (160ms)
			TypeCache.Refresh (158ms)
				TypeCache.ScanAssembly (144ms)
			ScanForSourceGeneratedMonoScriptInfo (0ms)
			ResolveRequiredComponents (0ms)
	FinalizeReload (624ms)
		ReleaseScriptCaches (0ms)
		RebuildScriptCaches (0ms)
		SetupLoadedEditorAssemblies (560ms)
			LogAssemblyErrors (0ms)
			InitializePlatformSupportModulesInManaged (391ms)
			SetLoadedEditorAssemblies (4ms)
			RefreshPlugins (0ms)
			BeforeProcessingInitializeOnLoad (3ms)
			ProcessInitializeOnLoadAttributes (109ms)
			ProcessInitializeOnLoadMethodAttributes (53ms)
			AfterProcessingInitializeOnLoad (0ms)
			EditorAssembliesLoaded (0ms)
		ExecutionOrderSort2 (0ms)
		AwakeInstancesAfterBackupRestoration (0ms)
========================================================================
Worker process is ready to serve import requests
Begin MonoManager ReloadAssembly
- Loaded All Assemblies, in  0.722 seconds
Refreshing native plugins compatible for Editor in 4.69 ms, found 3 plugins.
Native extension for WindowsStandalone target not found
Native extension for Android target not found
Native extension for WebGL target not found
Package Manager log level set to [2]
[Package Manager] Server::EnsureServerProcessIsRunning -- launch failed, reason: Unity was launched with the -noUpm command-line argument
[Package Manager] UpmClient::Send -- Unable to send message (not connected to UPM process).
[Package Manager] Cannot connect to Unity Package Manager local server
Mono: successfully reloaded assembly
- Finished resetting the current domain, in  0.610 seconds
Domain Reload Profiling: 1328ms
	BeginReloadAssembly (142ms)
		ExecutionOrderSort (0ms)
		DisableScriptedObjects (8ms)
		BackupInstance (0ms)
		ReleaseScriptingObjects (0ms)
		CreateAndSetChildDomain (19ms)
	RebuildCommonClasses (38ms)
	RebuildNativeTypeToScriptingClass (12ms)
	initialDomainReloadingComplete (53ms)
	LoadAllAssembliesAndSetupDomain (472ms)
		LoadAssemblies (355ms)
		RebuildTransferFunctionScriptingTraits (0ms)
		AnalyzeDomain (196ms)
			TypeCache.Refresh (173ms)
				TypeCache.ScanAssembly (156ms)
			ScanForSourceGeneratedMonoScriptInfo (16ms)
			ResolveRequiredComponents (5ms)
	FinalizeReload (611ms)
		ReleaseScriptCaches (0ms)
		RebuildScriptCaches (0ms)
		SetupLoadedEditorAssemblies (447ms)
			LogAssemblyErrors (0ms)
			InitializePlatformSupportModulesInManaged (33ms)
			SetLoadedEditorAssemblies (3ms)
			RefreshPlugins (0ms)
			BeforeProcessingInitializeOnLoad (67ms)
			ProcessInitializeOnLoadAttributes (310ms)
			ProcessInitializeOnLoadMethodAttributes (23ms)
			AfterProcessingInitializeOnLoad (12ms)
			EditorAssembliesLoaded (0ms)
		ExecutionOrderSort2 (0ms)
		AwakeInstancesAfterBackupRestoration (10ms)
Launched and connected shader compiler UnityShaderCompiler.exe after 0.04 seconds
Refreshing native plugins compatible for Editor in 5.17 ms, found 3 plugins.
Preloading 0 native plugins for Editor in 0.00 ms.
Unloading 3146 Unused Serialized files (Serialized files now loaded: 0)
Unloading 34 unused Assets / (56.8 KB). Loaded Objects now: 3616.
Memory consumption went from 130.3 MB to 130.2 MB.
Total: 2.775300 ms (FindLiveObjects: 0.351300 ms CreateObjectMapping: 0.081400 ms MarkObjects: 2.253600 ms  DeleteObjects: 0.088000 ms)

AssetImportParameters requested are different than current active one (requested -> active):
  custom:container-demuxer-ogg: 62fdf1f143b41e24485cea50d1cbac27 -> 
  custom:video-decoder-ogg-theora: a1e56fd34408186e4bbccfd4996cb3dc -> 
  custom:framework-win-MediaFoundation: 216162199b28c13a410421893ffa2e32 -> 
  custom:CustomObjectIndexerAttribute: 756ad292c208cfabdd7b50bc23989ffe -> 
  custom:container-demuxer-webm: 4f35f7cbe854078d1ac9338744f61a02 -> 
  custom:container-muxer-webm: aa71ff27fc2769a1b78a27578f13a17b -> 
  custom:video-decoder-webm-vp8: 9c59270c3fd7afecdb556c50c9e8de78 -> 
  custom:SearchIndexIgnoredProperties: e643bd26f0fe6173181afceb89e7c659 -> 
  custom:AudioImporter_EditorPlatform: d09bf68614088b80899f8185d706f6e7 -> 
  custom:video-encoder-webm-vp8: eb34c28f22e8b96e1ab97ce403110664 -> 
  custom:audio-decoder-ogg-vorbis: bf7c407c2cedff20999df2af8eb42d56 -> 
  custom:audio-encoder-webm-vorbis: bf7c407c2cedff20999df2af8eb42d56 -> 
========================================================================
Received Import Request.
  Time since last request: 468886.099625 seconds.
  path: Assets/Resources/Prefabs/Characters/7.prefab
  artifactKey: Guid(5e9315674e52c0a4ba77c0b621fa394c) Importer(815301076,1909f56bfc062723c751e8b465ee728b)
Start importing Assets/Resources/Prefabs/Characters/7.prefab using Guid(5e9315674e52c0a4ba77c0b621fa394c) Importer(815301076,1909f56bfc062723c751e8b465ee728b)  -> (artifact id: '2bfcb54210d67e224306c60aeef86811') in 0.160606 seconds
Number of updated asset objects reloaded before import = 0
Number of asset objects unloaded after import = 498
========================================================================
Received Prepare
Begin MonoManager ReloadAssembly
- Loaded All Assemblies, in  0.692 seconds
Refreshing native plugins compatible for Editor in 5.48 ms, found 3 plugins.
Native extension for WindowsStandalone target not found
Native extension for Android target not found
Native extension for WebGL target not found
[Package Manager] Server::EnsureServerProcessIsRunning -- launch failed, reason: Unity was launched with the -noUpm command-line argument
[Package Manager] UpmClient::Send -- Unable to send message (not connected to UPM process).
[Package Manager] Cannot connect to Unity Package Manager local server
Mono: successfully reloaded assembly
- Finished resetting the current domain, in  1.145 seconds
Domain Reload Profiling: 1832ms
	BeginReloadAssembly (281ms)
		ExecutionOrderSort (0ms)
		DisableScriptedObjects (5ms)
		BackupInstance (0ms)
		ReleaseScriptingObjects (0ms)
		CreateAndSetChildDomain (103ms)
	RebuildCommonClasses (36ms)
	RebuildNativeTypeToScriptingClass (13ms)
	initialDomainReloadingComplete (45ms)
	LoadAllAssembliesAndSetupDomain (312ms)
		LoadAssemblies (392ms)
		RebuildTransferFunctionScriptingTraits (0ms)
		AnalyzeDomain (24ms)
			TypeCache.Refresh (10ms)
				TypeCache.ScanAssembly (1ms)
			ScanForSourceGeneratedMonoScriptInfo (7ms)
			ResolveRequiredComponents (5ms)
	FinalizeReload (1146ms)
		ReleaseScriptCaches (0ms)
		RebuildScriptCaches (0ms)
		SetupLoadedEditorAssemblies (565ms)
			LogAssemblyErrors (0ms)
			InitializePlatformSupportModulesInManaged (33ms)
			SetLoadedEditorAssemblies (4ms)
			RefreshPlugins (0ms)
			BeforeProcessingInitializeOnLoad (72ms)
			ProcessInitializeOnLoadAttributes (417ms)
			ProcessInitializeOnLoadMethodAttributes (26ms)
			AfterProcessingInitializeOnLoad (13ms)
			EditorAssembliesLoaded (0ms)
		ExecutionOrderSort2 (0ms)
		AwakeInstancesAfterBackupRestoration (12ms)
Refreshing native plugins compatible for Editor in 4.78 ms, found 3 plugins.
Preloading 0 native plugins for Editor in 0.00 ms.
Unloading 3135 Unused Serialized files (Serialized files now loaded: 0)
Unloading 25 unused Assets / (31.0 KB). Loaded Objects now: 3627.
Memory consumption went from 131.5 MB to 131.4 MB.
Total: 2.968800 ms (FindLiveObjects: 0.371100 ms CreateObjectMapping: 0.113500 ms MarkObjects: 2.439700 ms  DeleteObjects: 0.043800 ms)

Prepare: number of updated asset objects reloaded= 0
AssetImportParameters requested are different than current active one (requested -> active):
  custom:container-demuxer-ogg: 62fdf1f143b41e24485cea50d1cbac27 -> 
  custom:video-decoder-ogg-theora: a1e56fd34408186e4bbccfd4996cb3dc -> 
  custom:framework-win-MediaFoundation: 216162199b28c13a410421893ffa2e32 -> 
  custom:CustomObjectIndexerAttribute: 756ad292c208cfabdd7b50bc23989ffe -> 
  custom:container-demuxer-webm: 4f35f7cbe854078d1ac9338744f61a02 -> 
  custom:container-muxer-webm: aa71ff27fc2769a1b78a27578f13a17b -> 
  custom:video-decoder-webm-vp8: 9c59270c3fd7afecdb556c50c9e8de78 -> 
  custom:SearchIndexIgnoredProperties: e643bd26f0fe6173181afceb89e7c659 -> 
  custom:AudioImporter_EditorPlatform: d09bf68614088b80899f8185d706f6e7 -> 
  custom:video-encoder-webm-vp8: eb34c28f22e8b96e1ab97ce403110664 -> 
  custom:audio-decoder-ogg-vorbis: bf7c407c2cedff20999df2af8eb42d56 -> 
  custom:audio-encoder-webm-vorbis: bf7c407c2cedff20999df2af8eb42d56 -> 
========================================================================
Received Prepare
Begin MonoManager ReloadAssembly
- Loaded All Assemblies, in  0.617 seconds
Refreshing native plugins compatible for Editor in 5.09 ms, found 3 plugins.
Native extension for WindowsStandalone target not found
Native extension for Android target not found
Native extension for WebGL target not found
[Package Manager] Server::EnsureServerProcessIsRunning -- launch failed, reason: Unity was launched with the -noUpm command-line argument
[Package Manager] UpmClient::Send -- Unable to send message (not connected to UPM process).
[Package Manager] Cannot connect to Unity Package Manager local server
Mono: successfully reloaded assembly
- Finished resetting the current domain, in  1.045 seconds
Domain Reload Profiling: 1657ms
	BeginReloadAssembly (182ms)
		ExecutionOrderSort (0ms)
		DisableScriptedObjects (6ms)
		BackupInstance (0ms)
		ReleaseScriptingObjects (0ms)
		CreateAndSetChildDomain (33ms)
	RebuildCommonClasses (39ms)
	RebuildNativeTypeToScriptingClass (13ms)
	initialDomainReloadingComplete (40ms)
	LoadAllAssembliesAndSetupDomain (337ms)
		LoadAssemblies (420ms)
		RebuildTransferFunctionScriptingTraits (0ms)
		AnalyzeDomain (24ms)
			TypeCache.Refresh (10ms)
				TypeCache.ScanAssembly (1ms)
			ScanForSourceGeneratedMonoScriptInfo (7ms)
			ResolveRequiredComponents (5ms)
	FinalizeReload (1045ms)
		ReleaseScriptCaches (0ms)
		RebuildScriptCaches (0ms)
		SetupLoadedEditorAssemblies (432ms)
			LogAssemblyErrors (0ms)
			InitializePlatformSupportModulesInManaged (36ms)
			SetLoadedEditorAssemblies (5ms)
			RefreshPlugins (0ms)
			BeforeProcessingInitializeOnLoad (70ms)
			ProcessInitializeOnLoadAttributes (286ms)
			ProcessInitializeOnLoadMethodAttributes (24ms)
			AfterProcessingInitializeOnLoad (12ms)
			EditorAssembliesLoaded (0ms)
		ExecutionOrderSort2 (0ms)
		AwakeInstancesAfterBackupRestoration (11ms)
Refreshing native plugins compatible for Editor in 5.37 ms, found 3 plugins.
Preloading 0 native plugins for Editor in 0.00 ms.
Unloading 3136 Unused Serialized files (Serialized files now loaded: 0)
Unloading 25 unused Assets / (31.0 KB). Loaded Objects now: 3630.
Memory consumption went from 133.6 MB to 133.6 MB.
Total: 2.674500 ms (FindLiveObjects: 0.372100 ms CreateObjectMapping: 0.099400 ms MarkObjects: 2.165000 ms  DeleteObjects: 0.037100 ms)

Prepare: number of updated asset objects reloaded= 0
AssetImportParameters requested are different than current active one (requested -> active):
  custom:container-demuxer-ogg: 62fdf1f143b41e24485cea50d1cbac27 -> 
  custom:video-decoder-ogg-theora: a1e56fd34408186e4bbccfd4996cb3dc -> 
  custom:framework-win-MediaFoundation: 216162199b28c13a410421893ffa2e32 -> 
  custom:CustomObjectIndexerAttribute: 756ad292c208cfabdd7b50bc23989ffe -> 
  custom:container-demuxer-webm: 4f35f7cbe854078d1ac9338744f61a02 -> 
  custom:container-muxer-webm: aa71ff27fc2769a1b78a27578f13a17b -> 
  custom:video-decoder-webm-vp8: 9c59270c3fd7afecdb556c50c9e8de78 -> 
  custom:SearchIndexIgnoredProperties: e643bd26f0fe6173181afceb89e7c659 -> 
  custom:AudioImporter_EditorPlatform: d09bf68614088b80899f8185d706f6e7 -> 
  custom:video-encoder-webm-vp8: eb34c28f22e8b96e1ab97ce403110664 -> 
  custom:audio-decoder-ogg-vorbis: bf7c407c2cedff20999df2af8eb42d56 -> 
  custom:audio-encoder-webm-vorbis: bf7c407c2cedff20999df2af8eb42d56 -> 
========================================================================
Received Prepare
Begin MonoManager ReloadAssembly
- Loaded All Assemblies, in  0.556 seconds
Refreshing native plugins compatible for Editor in 5.57 ms, found 3 plugins.
Native extension for WindowsStandalone target not found
Native extension for Android target not found
Native extension for WebGL target not found
[Package Manager] Server::EnsureServerProcessIsRunning -- launch failed, reason: Unity was launched with the -noUpm command-line argument
[Package Manager] UpmClient::Send -- Unable to send message (not connected to UPM process).
[Package Manager] Cannot connect to Unity Package Manager local server
Mono: successfully reloaded assembly
- Finished resetting the current domain, in  1.134 seconds
Domain Reload Profiling: 1685ms
	BeginReloadAssembly (170ms)
		ExecutionOrderSort (0ms)
		DisableScriptedObjects (6ms)
		BackupInstance (0ms)
		ReleaseScriptingObjects (0ms)
		CreateAndSetChildDomain (31ms)
	RebuildCommonClasses (36ms)
	RebuildNativeTypeToScriptingClass (12ms)
	initialDomainReloadingComplete (37ms)
	LoadAllAssembliesAndSetupDomain (295ms)
		LoadAssemblies (380ms)
		RebuildTransferFunctionScriptingTraits (0ms)
		AnalyzeDomain (14ms)
			TypeCache.Refresh (6ms)
				TypeCache.ScanAssembly (0ms)
			ScanForSourceGeneratedMonoScriptInfo (0ms)
			ResolveRequiredComponents (6ms)
	FinalizeReload (1134ms)
		ReleaseScriptCaches (0ms)
		RebuildScriptCaches (0ms)
		SetupLoadedEditorAssemblies (473ms)
			LogAssemblyErrors (0ms)
			InitializePlatformSupportModulesInManaged (36ms)
			SetLoadedEditorAssemblies (4ms)
			RefreshPlugins (0ms)
			BeforeProcessingInitializeOnLoad (95ms)
			ProcessInitializeOnLoadAttributes (301ms)
			ProcessInitializeOnLoadMethodAttributes (25ms)
			AfterProcessingInitializeOnLoad (12ms)
			EditorAssembliesLoaded (0ms)
		ExecutionOrderSort2 (0ms)
		AwakeInstancesAfterBackupRestoration (12ms)
Refreshing native plugins compatible for Editor in 5.17 ms, found 3 plugins.
Preloading 0 native plugins for Editor in 0.00 ms.
Unloading 3136 Unused Serialized files (Serialized files now loaded: 0)
Unloading 25 unused Assets / (31.0 KB). Loaded Objects now: 3633.
Memory consumption went from 135.6 MB to 135.5 MB.
Total: 2.922900 ms (FindLiveObjects: 0.384200 ms CreateObjectMapping: 0.104800 ms MarkObjects: 2.393000 ms  DeleteObjects: 0.040200 ms)

Prepare: number of updated asset objects reloaded= 0
AssetImportParameters requested are different than current active one (requested -> active):
  custom:container-demuxer-ogg: 62fdf1f143b41e24485cea50d1cbac27 -> 
  custom:video-decoder-ogg-theora: a1e56fd34408186e4bbccfd4996cb3dc -> 
  custom:framework-win-MediaFoundation: 216162199b28c13a410421893ffa2e32 -> 
  custom:CustomObjectIndexerAttribute: 756ad292c208cfabdd7b50bc23989ffe -> 
  custom:container-demuxer-webm: 4f35f7cbe854078d1ac9338744f61a02 -> 
  custom:container-muxer-webm: aa71ff27fc2769a1b78a27578f13a17b -> 
  custom:video-decoder-webm-vp8: 9c59270c3fd7afecdb556c50c9e8de78 -> 
  custom:SearchIndexIgnoredProperties: e643bd26f0fe6173181afceb89e7c659 -> 
  custom:AudioImporter_EditorPlatform: d09bf68614088b80899f8185d706f6e7 -> 
  custom:video-encoder-webm-vp8: eb34c28f22e8b96e1ab97ce403110664 -> 
  custom:audio-decoder-ogg-vorbis: bf7c407c2cedff20999df2af8eb42d56 -> 
  custom:audio-encoder-webm-vorbis: bf7c407c2cedff20999df2af8eb42d56 -> 
========================================================================
Received Prepare
Begin MonoManager ReloadAssembly
- Loaded All Assemblies, in  0.664 seconds
Refreshing native plugins compatible for Editor in 4.79 ms, found 3 plugins.
Native extension for WindowsStandalone target not found
Native extension for Android target not found
Native extension for WebGL target not found
[Package Manager] Server::EnsureServerProcessIsRunning -- launch failed, reason: Unity was launched with the -noUpm command-line argument
[Package Manager] UpmClient::Send -- Unable to send message (not connected to UPM process).
[Package Manager] Cannot connect to Unity Package Manager local server
Mono: successfully reloaded assembly
- Finished resetting the current domain, in  1.086 seconds
Domain Reload Profiling: 1744ms
	BeginReloadAssembly (279ms)
		ExecutionOrderSort (0ms)
		DisableScriptedObjects (6ms)
		BackupInstance (0ms)
		ReleaseScriptingObjects (0ms)
		CreateAndSetChildDomain (30ms)
	RebuildCommonClasses (43ms)
	RebuildNativeTypeToScriptingClass (14ms)
	initialDomainReloadingComplete (43ms)
	LoadAllAssembliesAndSetupDomain (280ms)
		LoadAssemblies (366ms)
		RebuildTransferFunctionScriptingTraits (0ms)
		AnalyzeDomain (21ms)
			TypeCache.Refresh (9ms)
				TypeCache.ScanAssembly (1ms)
			ScanForSourceGeneratedMonoScriptInfo (7ms)
			ResolveRequiredComponents (5ms)
	FinalizeReload (1086ms)
		ReleaseScriptCaches (0ms)
		RebuildScriptCaches (0ms)
		SetupLoadedEditorAssemblies (512ms)
			LogAssemblyErrors (0ms)
			InitializePlatformSupportModulesInManaged (34ms)
			SetLoadedEditorAssemblies (5ms)
			RefreshPlugins (0ms)
			BeforeProcessingInitializeOnLoad (69ms)
			ProcessInitializeOnLoadAttributes (370ms)
			ProcessInitializeOnLoadMethodAttributes (22ms)
			AfterProcessingInitializeOnLoad (11ms)
			EditorAssembliesLoaded (0ms)
		ExecutionOrderSort2 (0ms)
		AwakeInstancesAfterBackupRestoration (10ms)
Refreshing native plugins compatible for Editor in 5.60 ms, found 3 plugins.
Preloading 0 native plugins for Editor in 0.00 ms.
Unloading 3136 Unused Serialized files (Serialized files now loaded: 0)
Unloading 25 unused Assets / (31.0 KB). Loaded Objects now: 3636.
Memory consumption went from 137.5 MB to 137.5 MB.
Total: 2.946100 ms (FindLiveObjects: 0.384200 ms CreateObjectMapping: 0.105300 ms MarkObjects: 2.412400 ms  DeleteObjects: 0.043400 ms)

Prepare: number of updated asset objects reloaded= 0
AssetImportParameters requested are different than current active one (requested -> active):
  custom:container-demuxer-ogg: 62fdf1f143b41e24485cea50d1cbac27 -> 
  custom:video-decoder-ogg-theora: a1e56fd34408186e4bbccfd4996cb3dc -> 
  custom:framework-win-MediaFoundation: 216162199b28c13a410421893ffa2e32 -> 
  custom:CustomObjectIndexerAttribute: 756ad292c208cfabdd7b50bc23989ffe -> 
  custom:container-demuxer-webm: 4f35f7cbe854078d1ac9338744f61a02 -> 
  custom:container-muxer-webm: aa71ff27fc2769a1b78a27578f13a17b -> 
  custom:video-decoder-webm-vp8: 9c59270c3fd7afecdb556c50c9e8de78 -> 
  custom:SearchIndexIgnoredProperties: e643bd26f0fe6173181afceb89e7c659 -> 
  custom:AudioImporter_EditorPlatform: d09bf68614088b80899f8185d706f6e7 -> 
  custom:video-encoder-webm-vp8: eb34c28f22e8b96e1ab97ce403110664 -> 
  custom:audio-decoder-ogg-vorbis: bf7c407c2cedff20999df2af8eb42d56 -> 
  custom:audio-encoder-webm-vorbis: bf7c407c2cedff20999df2af8eb42d56 -> 
========================================================================
Received Prepare
Begin MonoManager ReloadAssembly
- Loaded All Assemblies, in  0.550 seconds
Refreshing native plugins compatible for Editor in 5.87 ms, found 3 plugins.
Native extension for WindowsStandalone target not found
Native extension for Android target not found
Native extension for WebGL target not found
[Package Manager] Server::EnsureServerProcessIsRunning -- launch failed, reason: Unity was launched with the -noUpm command-line argument
[Package Manager] UpmClient::Send -- Unable to send message (not connected to UPM process).
[Package Manager] Cannot connect to Unity Package Manager local server
Mono: successfully reloaded assembly
- Finished resetting the current domain, in  1.131 seconds
Domain Reload Profiling: 1676ms
	BeginReloadAssembly (155ms)
		ExecutionOrderSort (0ms)
		DisableScriptedObjects (6ms)
		BackupInstance (0ms)
		ReleaseScriptingObjects (0ms)
		CreateAndSetChildDomain (30ms)
	RebuildCommonClasses (36ms)
	RebuildNativeTypeToScriptingClass (12ms)
	initialDomainReloadingComplete (36ms)
	LoadAllAssembliesAndSetupDomain (305ms)
		LoadAssemblies (379ms)
		RebuildTransferFunctionScriptingTraits (0ms)
		AnalyzeDomain (14ms)
			TypeCache.Refresh (7ms)
				TypeCache.ScanAssembly (0ms)
			ScanForSourceGeneratedMonoScriptInfo (0ms)
			ResolveRequiredComponents (5ms)
	FinalizeReload (1132ms)
		ReleaseScriptCaches (0ms)
		RebuildScriptCaches (0ms)
		SetupLoadedEditorAssemblies (481ms)
			LogAssemblyErrors (0ms)
			InitializePlatformSupportModulesInManaged (37ms)
			SetLoadedEditorAssemblies (5ms)
			RefreshPlugins (0ms)
			BeforeProcessingInitializeOnLoad (75ms)
			ProcessInitializeOnLoadAttributes (310ms)
			ProcessInitializeOnLoadMethodAttributes (44ms)
			AfterProcessingInitializeOnLoad (12ms)
			EditorAssembliesLoaded (0ms)
		ExecutionOrderSort2 (0ms)
		AwakeInstancesAfterBackupRestoration (11ms)
Refreshing native plugins compatible for Editor in 5.61 ms, found 3 plugins.
Preloading 0 native plugins for Editor in 0.00 ms.
Unloading 3136 Unused Serialized files (Serialized files now loaded: 0)
Unloading 25 unused Assets / (31.0 KB). Loaded Objects now: 3639.
Memory consumption went from 139.4 MB to 139.4 MB.
Total: 2.901500 ms (FindLiveObjects: 0.416900 ms CreateObjectMapping: 0.093700 ms MarkObjects: 2.346700 ms  DeleteObjects: 0.043400 ms)

Prepare: number of updated asset objects reloaded= 0
AssetImportParameters requested are different than current active one (requested -> active):
  custom:container-demuxer-ogg: 62fdf1f143b41e24485cea50d1cbac27 -> 
  custom:video-decoder-ogg-theora: a1e56fd34408186e4bbccfd4996cb3dc -> 
  custom:framework-win-MediaFoundation: 216162199b28c13a410421893ffa2e32 -> 
  custom:CustomObjectIndexerAttribute: 756ad292c208cfabdd7b50bc23989ffe -> 
  custom:container-demuxer-webm: 4f35f7cbe854078d1ac9338744f61a02 -> 
  custom:container-muxer-webm: aa71ff27fc2769a1b78a27578f13a17b -> 
  custom:video-decoder-webm-vp8: 9c59270c3fd7afecdb556c50c9e8de78 -> 
  custom:SearchIndexIgnoredProperties: e643bd26f0fe6173181afceb89e7c659 -> 
  custom:AudioImporter_EditorPlatform: d09bf68614088b80899f8185d706f6e7 -> 
  custom:video-encoder-webm-vp8: eb34c28f22e8b96e1ab97ce403110664 -> 
  custom:audio-decoder-ogg-vorbis: bf7c407c2cedff20999df2af8eb42d56 -> 
  custom:audio-encoder-webm-vorbis: bf7c407c2cedff20999df2af8eb42d56 -> 
========================================================================
Received Prepare
Begin MonoManager ReloadAssembly
- Loaded All Assemblies, in  0.553 seconds
Refreshing native plugins compatible for Editor in 5.79 ms, found 3 plugins.
Native extension for WindowsStandalone target not found
Native extension for Android target not found
Native extension for WebGL target not found
[Package Manager] Server::EnsureServerProcessIsRunning -- launch failed, reason: Unity was launched with the -noUpm command-line argument
[Package Manager] UpmClient::Send -- Unable to send message (not connected to UPM process).
[Package Manager] Cannot connect to Unity Package Manager local server
Mono: successfully reloaded assembly
- Finished resetting the current domain, in  1.095 seconds
Domain Reload Profiling: 1644ms
	BeginReloadAssembly (170ms)
		ExecutionOrderSort (0ms)
		DisableScriptedObjects (6ms)
		BackupInstance (0ms)
		ReleaseScriptingObjects (0ms)
		CreateAndSetChildDomain (30ms)
	RebuildCommonClasses (37ms)
	RebuildNativeTypeToScriptingClass (13ms)
	initialDomainReloadingComplete (38ms)
	LoadAllAssembliesAndSetupDomain (289ms)
		LoadAssemblies (374ms)
		RebuildTransferFunctionScriptingTraits (0ms)
		AnalyzeDomain (15ms)
			TypeCache.Refresh (7ms)
				TypeCache.ScanAssembly (0ms)
			ScanForSourceGeneratedMonoScriptInfo (0ms)
			ResolveRequiredComponents (6ms)
	FinalizeReload (1096ms)
		ReleaseScriptCaches (0ms)
		RebuildScriptCaches (0ms)
		SetupLoadedEditorAssemblies (456ms)
			LogAssemblyErrors (0ms)
			InitializePlatformSupportModulesInManaged (37ms)
			SetLoadedEditorAssemblies (4ms)
			RefreshPlugins (0ms)
			BeforeProcessingInitializeOnLoad (75ms)
			ProcessInitializeOnLoadAttributes (301ms)
			ProcessInitializeOnLoadMethodAttributes (25ms)
			AfterProcessingInitializeOnLoad (13ms)
			EditorAssembliesLoaded (0ms)
		ExecutionOrderSort2 (0ms)
		AwakeInstancesAfterBackupRestoration (11ms)
Refreshing native plugins compatible for Editor in 5.36 ms, found 3 plugins.
Preloading 0 native plugins for Editor in 0.00 ms.
Unloading 3136 Unused Serialized files (Serialized files now loaded: 0)
Unloading 25 unused Assets / (31.1 KB). Loaded Objects now: 3642.
Memory consumption went from 141.4 MB to 141.3 MB.
Total: 3.039900 ms (FindLiveObjects: 0.362900 ms CreateObjectMapping: 0.135600 ms MarkObjects: 2.476400 ms  DeleteObjects: 0.063800 ms)

Prepare: number of updated asset objects reloaded= 0
AssetImportParameters requested are different than current active one (requested -> active):
  custom:container-demuxer-ogg: 62fdf1f143b41e24485cea50d1cbac27 -> 
  custom:video-decoder-ogg-theora: a1e56fd34408186e4bbccfd4996cb3dc -> 
  custom:framework-win-MediaFoundation: 216162199b28c13a410421893ffa2e32 -> 
  custom:CustomObjectIndexerAttribute: 756ad292c208cfabdd7b50bc23989ffe -> 
  custom:container-demuxer-webm: 4f35f7cbe854078d1ac9338744f61a02 -> 
  custom:container-muxer-webm: aa71ff27fc2769a1b78a27578f13a17b -> 
  custom:video-decoder-webm-vp8: 9c59270c3fd7afecdb556c50c9e8de78 -> 
  custom:SearchIndexIgnoredProperties: e643bd26f0fe6173181afceb89e7c659 -> 
  custom:AudioImporter_EditorPlatform: d09bf68614088b80899f8185d706f6e7 -> 
  custom:video-encoder-webm-vp8: eb34c28f22e8b96e1ab97ce403110664 -> 
  custom:audio-decoder-ogg-vorbis: bf7c407c2cedff20999df2af8eb42d56 -> 
  custom:audio-encoder-webm-vorbis: bf7c407c2cedff20999df2af8eb42d56 -> 
========================================================================
Received Import Request.
  Time since last request: 1204.334375 seconds.
  path: Assets/Resources/Prefabs/Characters/1.prefab
  artifactKey: Guid(317bf572044d46343b736b6667eeb2d1) Importer(815301076,1909f56bfc062723c751e8b465ee728b)
Start importing Assets/Resources/Prefabs/Characters/1.prefab using Guid(317bf572044d46343b736b6667eeb2d1) Importer(815301076,1909f56bfc062723c751e8b465ee728b)  -> (artifact id: 'bce83314b2b441c06aa84eaade59df9c') in 0.144789 seconds
Number of updated asset objects reloaded before import = 0
Number of asset objects unloaded after import = 224
========================================================================
Received Import Request.
  Time since last request: 4.612693 seconds.
  path: Assets/Resources/Prefabs/Characters/11.prefab
  artifactKey: Guid(172dcdd6a638ea94fb05adcb313fc20a) Importer(815301076,1909f56bfc062723c751e8b465ee728b)
Start importing Assets/Resources/Prefabs/Characters/11.prefab using Guid(172dcdd6a638ea94fb05adcb313fc20a) Importer(815301076,1909f56bfc062723c751e8b465ee728b)  -> (artifact id: '2494d5ddf74abd54d9554d08a669680e') in 0.114976 seconds
Number of updated asset objects reloaded before import = 0
Number of asset objects unloaded after import = 211
========================================================================
Received Import Request.
  Time since last request: 20.894124 seconds.
  path: Assets/Resources/Prefabs/Characters/DetectedArea.prefab
  artifactKey: Guid(ce62f9f0dafa11343a6cd3e94c533543) Importer(815301076,1909f56bfc062723c751e8b465ee728b)
Start importing Assets/Resources/Prefabs/Characters/DetectedArea.prefab using Guid(ce62f9f0dafa11343a6cd3e94c533543) Importer(815301076,1909f56bfc062723c751e8b465ee728b)  -> (artifact id: '8d83b83075073c3b592751314ec7c832') in 0.002054 seconds
Number of updated asset objects reloaded before import = 0
Number of asset objects unloaded after import = 5
========================================================================
Received Import Request.
  Time since last request: 10.437456 seconds.
  path: Assets/Resources/Prefabs/Characters/2.prefab
  artifactKey: Guid(40590edb7b95f31418f0d1bfdf9b9e4a) Importer(815301076,1909f56bfc062723c751e8b465ee728b)
Start importing Assets/Resources/Prefabs/Characters/2.prefab using Guid(40590edb7b95f31418f0d1bfdf9b9e4a) Importer(815301076,1909f56bfc062723c751e8b465ee728b)  -> (artifact id: 'ed8ce3f26bfd17b25a53bd3e2b165703') in 0.057696 seconds
Number of updated asset objects reloaded before import = 0
Number of asset objects unloaded after import = 232
========================================================================
Received Import Request.
  Time since last request: 2.296687 seconds.
  path: Assets/Resources/Prefabs/Characters/3.prefab
  artifactKey: Guid(688ffa9d4a6a5f9478618829a757e864) Importer(815301076,1909f56bfc062723c751e8b465ee728b)
Start importing Assets/Resources/Prefabs/Characters/3.prefab using Guid(688ffa9d4a6a5f9478618829a757e864) Importer(815301076,1909f56bfc062723c751e8b465ee728b)  -> (artifact id: 'b0a24155d448d7ca42ed97c25b0b9f02') in 0.065225 seconds
Number of updated asset objects reloaded before import = 0
Number of asset objects unloaded after import = 208
========================================================================
Received Import Request.
  Time since last request: 1.591031 seconds.
  path: Assets/Resources/Prefabs/Characters/4.prefab
  artifactKey: Guid(8a6263fb6c028e345bcfa49f744aafb2) Importer(815301076,1909f56bfc062723c751e8b465ee728b)
Start importing Assets/Resources/Prefabs/Characters/4.prefab using Guid(8a6263fb6c028e345bcfa49f744aafb2) Importer(815301076,1909f56bfc062723c751e8b465ee728b)  -> (artifact id: '27cb2db92d53f164918cb6509a03a8df') in 0.066151 seconds
Number of updated asset objects reloaded before import = 0
Number of asset objects unloaded after import = 237
========================================================================
Received Import Request.
  Time since last request: 1.234831 seconds.
  path: Assets/Resources/Prefabs/Characters/5.prefab
  artifactKey: Guid(b665b64f5ee82764e84e5b36f25ea6ad) Importer(815301076,1909f56bfc062723c751e8b465ee728b)
Start importing Assets/Resources/Prefabs/Characters/5.prefab using Guid(b665b64f5ee82764e84e5b36f25ea6ad) Importer(815301076,1909f56bfc062723c751e8b465ee728b)  -> (artifact id: 'aa9d64a5fbeb43ed2552c7bbac841182') in 0.062759 seconds
Number of updated asset objects reloaded before import = 0
Number of asset objects unloaded after import = 224
========================================================================
Received Import Request.
  Time since last request: 1.710203 seconds.
  path: Assets/Resources/Prefabs/Characters/6.prefab
  artifactKey: Guid(606e9a55c4a753e4b96ce29207b1a51e) Importer(815301076,1909f56bfc062723c751e8b465ee728b)
Start importing Assets/Resources/Prefabs/Characters/6.prefab using Guid(606e9a55c4a753e4b96ce29207b1a51e) Importer(815301076,1909f56bfc062723c751e8b465ee728b)  -> (artifact id: '8b1eb7058f6660ac73c542ab3dfbc197') in 0.052658 seconds
Number of updated asset objects reloaded before import = 0
Number of asset objects unloaded after import = 432
========================================================================
Received Import Request.
  Time since last request: 2.125231 seconds.
  path: Assets/Resources/Prefabs/Characters/7.prefab
  artifactKey: Guid(5e9315674e52c0a4ba77c0b621fa394c) Importer(815301076,1909f56bfc062723c751e8b465ee728b)
Start importing Assets/Resources/Prefabs/Characters/7.prefab using Guid(5e9315674e52c0a4ba77c0b621fa394c) Importer(815301076,1909f56bfc062723c751e8b465ee728b)  -> (artifact id: 'f2fb4d7d1a975ecb4fe5d26d07035cd7') in 0.065465 seconds
Number of updated asset objects reloaded before import = 0
Number of asset objects unloaded after import = 498
========================================================================
Received Import Request.
  Time since last request: 3.273991 seconds.
  path: Assets/Resources/Prefabs/Characters/8.prefab
  artifactKey: Guid(bd3d546fecab3624fa72e98ec4365256) Importer(815301076,1909f56bfc062723c751e8b465ee728b)
Start importing Assets/Resources/Prefabs/Characters/8.prefab using Guid(bd3d546fecab3624fa72e98ec4365256) Importer(815301076,1909f56bfc062723c751e8b465ee728b)  -> (artifact id: '6ca3c031d789cc6f7bf04189589cf668') in 0.070431 seconds
Number of updated asset objects reloaded before import = 0
Number of asset objects unloaded after import = 323
========================================================================
Received Import Request.
  Time since last request: 6.080322 seconds.
  path: Assets/Resources/Prefabs/Characters/9.prefab
  artifactKey: Guid(47945b94fd862d24e9a651b6575c9427) Importer(815301076,1909f56bfc062723c751e8b465ee728b)
Start importing Assets/Resources/Prefabs/Characters/9.prefab using Guid(47945b94fd862d24e9a651b6575c9427) Importer(815301076,1909f56bfc062723c751e8b465ee728b)  -> (artifact id: '350a3ef4ad8b5b360ad9d31c0760f9ab') in 0.126844 seconds
Number of updated asset objects reloaded before import = 0
Number of asset objects unloaded after import = 47
========================================================================
Received Import Request.
  Time since last request: 13.644522 seconds.
  path: Assets/Resources/Prefabs/Characters/Bear.prefab
  artifactKey: Guid(7efdcba34ab9e084ebfa24d4167eb57e) Importer(815301076,1909f56bfc062723c751e8b465ee728b)
Start importing Assets/Resources/Prefabs/Characters/Bear.prefab using Guid(7efdcba34ab9e084ebfa24d4167eb57e) Importer(815301076,1909f56bfc062723c751e8b465ee728b)  -> (artifact id: '7bb67b1d2fea74c78f3356df53d9bbba') in 0.057110 seconds
Number of updated asset objects reloaded before import = 0
Number of asset objects unloaded after import = 184
========================================================================
Received Import Request.
  Time since last request: 12.660653 seconds.
  path: Assets/Resources/Prefabs/Characters/1.prefab
  artifactKey: Guid(317bf572044d46343b736b6667eeb2d1) Importer(815301076,1909f56bfc062723c751e8b465ee728b)
Start importing Assets/Resources/Prefabs/Characters/1.prefab using Guid(317bf572044d46343b736b6667eeb2d1) Importer(815301076,1909f56bfc062723c751e8b465ee728b)  -> (artifact id: 'c2641f15ef77fcaaae2deff25e608aa7') in 0.051270 seconds
Number of updated asset objects reloaded before import = 0
Number of asset objects unloaded after import = 232
========================================================================
Received Import Request.
  Time since last request: 0.593156 seconds.
  path: Assets/Resources/Prefabs/Characters/2.prefab
  artifactKey: Guid(40590edb7b95f31418f0d1bfdf9b9e4a) Importer(815301076,1909f56bfc062723c751e8b465ee728b)
Start importing Assets/Resources/Prefabs/Characters/2.prefab using Guid(40590edb7b95f31418f0d1bfdf9b9e4a) Importer(815301076,1909f56bfc062723c751e8b465ee728b)  -> (artifact id: '6654ee0f2d338389c8f5bad19da2b85f') in 0.058711 seconds
Number of updated asset objects reloaded before import = 0
Number of asset objects unloaded after import = 240
========================================================================
Received Import Request.
  Time since last request: 25.979377 seconds.
  path: Assets/Resources/Prefabs/Characters/6.prefab
  artifactKey: Guid(606e9a55c4a753e4b96ce29207b1a51e) Importer(815301076,1909f56bfc062723c751e8b465ee728b)
Start importing Assets/Resources/Prefabs/Characters/6.prefab using Guid(606e9a55c4a753e4b96ce29207b1a51e) Importer(815301076,1909f56bfc062723c751e8b465ee728b)  -> (artifact id: '7e46aa0b4c166c2984628619f0b348b8') in 0.051221 seconds
Number of updated asset objects reloaded before import = 0
Number of asset objects unloaded after import = 432
========================================================================
Received Import Request.
  Time since last request: 31.403444 seconds.
  path: Assets/Resources/Prefabs/Characters/7.prefab
  artifactKey: Guid(5e9315674e52c0a4ba77c0b621fa394c) Importer(815301076,1909f56bfc062723c751e8b465ee728b)
Start importing Assets/Resources/Prefabs/Characters/7.prefab using Guid(5e9315674e52c0a4ba77c0b621fa394c) Importer(815301076,1909f56bfc062723c751e8b465ee728b)  -> (artifact id: '376a69664b64497109d677191fe17751') in 0.064701 seconds
Number of updated asset objects reloaded before import = 0
Number of asset objects unloaded after import = 518
========================================================================
Received Import Request.
  Time since last request: 5.943876 seconds.
  path: Assets/Resources/Prefabs/Characters/10.prefab
  artifactKey: Guid(9464aa6afc487e044b4a2c256e88154f) Importer(815301076,1909f56bfc062723c751e8b465ee728b)
Start importing Assets/Resources/Prefabs/Characters/10.prefab using Guid(9464aa6afc487e044b4a2c256e88154f) Importer(815301076,1909f56bfc062723c751e8b465ee728b)  -> (artifact id: '7b6e75c1865eddc5599d802ac6d47ffb') in 0.024812 seconds
Number of updated asset objects reloaded before import = 0
Number of asset objects unloaded after import = 53
========================================================================
Received Import Request.
  Time since last request: 4.260829 seconds.
  path: Assets/Resources/Prefabs/Characters/12.prefab
  artifactKey: Guid(5a97a91ec57f88040bd07268f24077c7) Importer(815301076,1909f56bfc062723c751e8b465ee728b)
Start importing Assets/Resources/Prefabs/Characters/12.prefab using Guid(5a97a91ec57f88040bd07268f24077c7) Importer(815301076,1909f56bfc062723c751e8b465ee728b)  -> (artifact id: '08b354f04dfe256f37a9616d5d8bfe9a') in 0.040127 seconds
Number of updated asset objects reloaded before import = 0
Number of asset objects unloaded after import = 47
========================================================================
Received Import Request.
  Time since last request: 1.885058 seconds.
  path: Assets/Resources/Prefabs/Characters/10.prefab
  artifactKey: Guid(9464aa6afc487e044b4a2c256e88154f) Importer(815301076,1909f56bfc062723c751e8b465ee728b)
Start importing Assets/Resources/Prefabs/Characters/10.prefab using Guid(9464aa6afc487e044b4a2c256e88154f) Importer(815301076,1909f56bfc062723c751e8b465ee728b)  -> (artifact id: '8171a1a1ceaf4b826d70d8bd0fb08795') in 0.015912 seconds
Number of updated asset objects reloaded before import = 0
Number of asset objects unloaded after import = 61
========================================================================
Received Import Request.
  Time since last request: 9.986091 seconds.
  path: Assets/Resources/Prefabs/Characters/9.prefab
  artifactKey: Guid(47945b94fd862d24e9a651b6575c9427) Importer(815301076,1909f56bfc062723c751e8b465ee728b)
Start importing Assets/Resources/Prefabs/Characters/9.prefab using Guid(47945b94fd862d24e9a651b6575c9427) Importer(815301076,1909f56bfc062723c751e8b465ee728b)  -> (artifact id: '6be8a05b6e9312cfb7f85a63d172e4a2') in 0.016380 seconds
Number of updated asset objects reloaded before import = 0
Number of asset objects unloaded after import = 55
========================================================================
Received Import Request.
  Time since last request: 3.472011 seconds.
  path: Assets/Resources/Prefabs/Characters/8.prefab
  artifactKey: Guid(bd3d546fecab3624fa72e98ec4365256) Importer(815301076,1909f56bfc062723c751e8b465ee728b)
Start importing Assets/Resources/Prefabs/Characters/8.prefab using Guid(bd3d546fecab3624fa72e98ec4365256) Importer(815301076,1909f56bfc062723c751e8b465ee728b)  -> (artifact id: '41211baa846ef58d86afe6679587c86b') in 0.080016 seconds
Number of updated asset objects reloaded before import = 0
Number of asset objects unloaded after import = 331
========================================================================
Received Import Request.
  Time since last request: 7.087201 seconds.
  path: Assets/Resources/Prefabs/Characters/11.prefab
  artifactKey: Guid(172dcdd6a638ea94fb05adcb313fc20a) Importer(815301076,1909f56bfc062723c751e8b465ee728b)
Start importing Assets/Resources/Prefabs/Characters/11.prefab using Guid(172dcdd6a638ea94fb05adcb313fc20a) Importer(815301076,1909f56bfc062723c751e8b465ee728b)  -> (artifact id: 'bc0a78d680e00f906f4726a81b07735b') in 0.097560 seconds
Number of updated asset objects reloaded before import = 0
Number of asset objects unloaded after import = 219
========================================================================
Received Import Request.
  Time since last request: 1.837611 seconds.
  path: Assets/Resources/Prefabs/Characters/12.prefab
  artifactKey: Guid(5a97a91ec57f88040bd07268f24077c7) Importer(815301076,1909f56bfc062723c751e8b465ee728b)
Start importing Assets/Resources/Prefabs/Characters/12.prefab using Guid(5a97a91ec57f88040bd07268f24077c7) Importer(815301076,1909f56bfc062723c751e8b465ee728b)  -> (artifact id: 'bdf74d83ceb602c8c68058cfba0d697b') in 0.016730 seconds
Number of updated asset objects reloaded before import = 0
Number of asset objects unloaded after import = 55
========================================================================
Received Import Request.
  Time since last request: 6.804572 seconds.
  path: Assets/Resources/Prefabs/Characters/Bear.prefab
  artifactKey: Guid(7efdcba34ab9e084ebfa24d4167eb57e) Importer(815301076,1909f56bfc062723c751e8b465ee728b)
Start importing Assets/Resources/Prefabs/Characters/Bear.prefab using Guid(7efdcba34ab9e084ebfa24d4167eb57e) Importer(815301076,1909f56bfc062723c751e8b465ee728b)  -> (artifact id: 'cca3249b72bdc00ab111e8048d39e457') in 0.058494 seconds
Number of updated asset objects reloaded before import = 0
Number of asset objects unloaded after import = 192
========================================================================
Received Import Request.
  Time since last request: 1.098774 seconds.
  path: Assets/Resources/Prefabs/Characters/5.prefab
  artifactKey: Guid(b665b64f5ee82764e84e5b36f25ea6ad) Importer(815301076,1909f56bfc062723c751e8b465ee728b)
Start importing Assets/Resources/Prefabs/Characters/5.prefab using Guid(b665b64f5ee82764e84e5b36f25ea6ad) Importer(815301076,1909f56bfc062723c751e8b465ee728b)  -> (artifact id: 'fd3849b48dcc720b941263865cd376bd') in 0.060782 seconds
Number of updated asset objects reloaded before import = 0
Number of asset objects unloaded after import = 232
========================================================================
Received Import Request.
  Time since last request: 32.202820 seconds.
  path: Assets/Resources/Prefabs/Characters/2.prefab
  artifactKey: Guid(40590edb7b95f31418f0d1bfdf9b9e4a) Importer(815301076,1909f56bfc062723c751e8b465ee728b)
Start importing Assets/Resources/Prefabs/Characters/2.prefab using Guid(40590edb7b95f31418f0d1bfdf9b9e4a) Importer(815301076,1909f56bfc062723c751e8b465ee728b)  -> (artifact id: '0970fde4d8e428acd9dce07e86ba4db2') in 0.056658 seconds
Number of updated asset objects reloaded before import = 0
Number of asset objects unloaded after import = 240
========================================================================
Received Import Request.
  Time since last request: 0.253314 seconds.
  path: Assets/Resources/Prefabs/Characters/1.prefab
  artifactKey: Guid(317bf572044d46343b736b6667eeb2d1) Importer(815301076,1909f56bfc062723c751e8b465ee728b)
Start importing Assets/Resources/Prefabs/Characters/1.prefab using Guid(317bf572044d46343b736b6667eeb2d1) Importer(815301076,1909f56bfc062723c751e8b465ee728b)  -> (artifact id: '40845b78d57ebfe733db0d143e99e09b') in 0.048827 seconds
Number of updated asset objects reloaded before import = 0
Number of asset objects unloaded after import = 232
========================================================================
Received Import Request.
  Time since last request: 6.876055 seconds.
  path: Assets/Resources/Prefabs/Characters/DetectionArea.prefab
  artifactKey: Guid(ce62f9f0dafa11343a6cd3e94c533543) Importer(815301076,1909f56bfc062723c751e8b465ee728b)
Start importing Assets/Resources/Prefabs/Characters/DetectionArea.prefab using Guid(ce62f9f0dafa11343a6cd3e94c533543) Importer(815301076,1909f56bfc062723c751e8b465ee728b)  -> (artifact id: '28a527adb7cc12e8b5e7149aecbadf21') in 0.001920 seconds
Number of updated asset objects reloaded before import = 0
Number of asset objects unloaded after import = 5
========================================================================
Received Import Request.
  Time since last request: 8.958266 seconds.
  path: Assets/Resources/Prefabs/Characters/DetectionArea.prefab
  artifactKey: Guid(ce62f9f0dafa11343a6cd3e94c533543) Importer(815301076,1909f56bfc062723c751e8b465ee728b)
Start importing Assets/Resources/Prefabs/Characters/DetectionArea.prefab using Guid(ce62f9f0dafa11343a6cd3e94c533543) Importer(815301076,1909f56bfc062723c751e8b465ee728b)  -> (artifact id: '944c1958fef683c5dd9d09da2a520bd9') in 0.001836 seconds
Number of updated asset objects reloaded before import = 0
Number of asset objects unloaded after import = 5
========================================================================
Received Import Request.
  Time since last request: 1.903700 seconds.
  path: Assets/Resources/Prefabs/Characters/12.prefab
  artifactKey: Guid(5a97a91ec57f88040bd07268f24077c7) Importer(815301076,1909f56bfc062723c751e8b465ee728b)
Start importing Assets/Resources/Prefabs/Characters/12.prefab using Guid(5a97a91ec57f88040bd07268f24077c7) Importer(815301076,1909f56bfc062723c751e8b465ee728b)  -> (artifact id: 'ca395cd8fa1c943a86fa9ac6402b4ade') in 0.019115 seconds
Number of updated asset objects reloaded before import = 0
Number of asset objects unloaded after import = 55
========================================================================
Received Import Request.
  Time since last request: 0.604113 seconds.
  path: Assets/Resources/Prefabs/Characters/11.prefab
  artifactKey: Guid(172dcdd6a638ea94fb05adcb313fc20a) Importer(815301076,1909f56bfc062723c751e8b465ee728b)
Start importing Assets/Resources/Prefabs/Characters/11.prefab using Guid(172dcdd6a638ea94fb05adcb313fc20a) Importer(815301076,1909f56bfc062723c751e8b465ee728b)  -> (artifact id: '7b189c8d37d2723098f50325c42388d1') in 0.086857 seconds
Number of updated asset objects reloaded before import = 0
Number of asset objects unloaded after import = 219
========================================================================
Received Import Request.
  Time since last request: 11.355776 seconds.
  path: Assets/Resources/Prefabs/Characters/6.prefab
  artifactKey: Guid(606e9a55c4a753e4b96ce29207b1a51e) Importer(815301076,1909f56bfc062723c751e8b465ee728b)
Start importing Assets/Resources/Prefabs/Characters/6.prefab using Guid(606e9a55c4a753e4b96ce29207b1a51e) Importer(815301076,1909f56bfc062723c751e8b465ee728b)  -> (artifact id: '179b485cdd565ed6b6a5e2549ffd1277') in 0.055960 seconds
Number of updated asset objects reloaded before import = 0
Number of asset objects unloaded after import = 432
========================================================================
Received Import Request.
  Time since last request: 0.274407 seconds.
  path: Assets/Resources/Prefabs/Characters/3.prefab
  artifactKey: Guid(688ffa9d4a6a5f9478618829a757e864) Importer(815301076,1909f56bfc062723c751e8b465ee728b)
Start importing Assets/Resources/Prefabs/Characters/3.prefab using Guid(688ffa9d4a6a5f9478618829a757e864) Importer(815301076,1909f56bfc062723c751e8b465ee728b)  -> (artifact id: 'a1905e5120ba8a17596be2461a82f82a') in 0.056945 seconds
Number of updated asset objects reloaded before import = 0
Number of asset objects unloaded after import = 216
========================================================================
Received Import Request.
  Time since last request: 0.203396 seconds.
  path: Assets/Resources/Prefabs/Characters/1.prefab
  artifactKey: Guid(317bf572044d46343b736b6667eeb2d1) Importer(815301076,1909f56bfc062723c751e8b465ee728b)
Start importing Assets/Resources/Prefabs/Characters/1.prefab using Guid(317bf572044d46343b736b6667eeb2d1) Importer(815301076,1909f56bfc062723c751e8b465ee728b)  -> (artifact id: '88ba14f7579847e10d03669363c6ca75') in 0.060791 seconds
Number of updated asset objects reloaded before import = 0
Number of asset objects unloaded after import = 232
========================================================================
Received Import Request.
  Time since last request: 5.394386 seconds.
  path: Assets/Resources/Prefabs/Characters/2.prefab
  artifactKey: Guid(40590edb7b95f31418f0d1bfdf9b9e4a) Importer(815301076,1909f56bfc062723c751e8b465ee728b)
Start importing Assets/Resources/Prefabs/Characters/2.prefab using Guid(40590edb7b95f31418f0d1bfdf9b9e4a) Importer(815301076,1909f56bfc062723c751e8b465ee728b)  -> (artifact id: '5a73256d439af3a92b9bcb105669c544') in 0.058671 seconds
Number of updated asset objects reloaded before import = 0
Number of asset objects unloaded after import = 240
========================================================================
Received Import Request.
  Time since last request: 5.102294 seconds.
  path: Assets/Resources/Prefabs/Characters/5.prefab
  artifactKey: Guid(b665b64f5ee82764e84e5b36f25ea6ad) Importer(815301076,1909f56bfc062723c751e8b465ee728b)
Start importing Assets/Resources/Prefabs/Characters/5.prefab using Guid(b665b64f5ee82764e84e5b36f25ea6ad) Importer(815301076,1909f56bfc062723c751e8b465ee728b)  -> (artifact id: 'dff9c7beadbbf9ae95a1b78dd50bb4a4') in 0.060684 seconds
Number of updated asset objects reloaded before import = 0
Number of asset objects unloaded after import = 232
========================================================================
Received Import Request.
  Time since last request: 0.209436 seconds.
  path: Assets/Resources/Prefabs/Characters/4.prefab
  artifactKey: Guid(8a6263fb6c028e345bcfa49f744aafb2) Importer(815301076,1909f56bfc062723c751e8b465ee728b)
Start importing Assets/Resources/Prefabs/Characters/4.prefab using Guid(8a6263fb6c028e345bcfa49f744aafb2) Importer(815301076,1909f56bfc062723c751e8b465ee728b)  -> (artifact id: '0c225fb5c18e2e20af1b235bdb1ad248') in 0.067340 seconds
Number of updated asset objects reloaded before import = 0
Number of asset objects unloaded after import = 245
========================================================================
Received Import Request.
  Time since last request: 1.966528 seconds.
  path: Assets/Resources/Prefabs/Characters/6.prefab
  artifactKey: Guid(606e9a55c4a753e4b96ce29207b1a51e) Importer(815301076,1909f56bfc062723c751e8b465ee728b)
Start importing Assets/Resources/Prefabs/Characters/6.prefab using Guid(606e9a55c4a753e4b96ce29207b1a51e) Importer(815301076,1909f56bfc062723c751e8b465ee728b)  -> (artifact id: '1c4630fe925de67ce3236b1bf7c3280b') in 0.056306 seconds
Number of updated asset objects reloaded before import = 0
Number of asset objects unloaded after import = 418
========================================================================
Received Import Request.
  Time since last request: 1.008088 seconds.
  path: Assets/Resources/Prefabs/Characters/7.prefab
  artifactKey: Guid(5e9315674e52c0a4ba77c0b621fa394c) Importer(815301076,1909f56bfc062723c751e8b465ee728b)
Start importing Assets/Resources/Prefabs/Characters/7.prefab using Guid(5e9315674e52c0a4ba77c0b621fa394c) Importer(815301076,1909f56bfc062723c751e8b465ee728b)  -> (artifact id: 'bdf6501d1823b8a2cc456011175dee21') in 0.064241 seconds
Number of updated asset objects reloaded before import = 0
Number of asset objects unloaded after import = 518
========================================================================
Received Import Request.
  Time since last request: 0.364808 seconds.
  path: Assets/Resources/Prefabs/Characters/8.prefab
  artifactKey: Guid(bd3d546fecab3624fa72e98ec4365256) Importer(815301076,1909f56bfc062723c751e8b465ee728b)
Start importing Assets/Resources/Prefabs/Characters/8.prefab using Guid(bd3d546fecab3624fa72e98ec4365256) Importer(815301076,1909f56bfc062723c751e8b465ee728b)  -> (artifact id: '7eb22041b07f93e2f0f271f080b5835b') in 0.073610 seconds
Number of updated asset objects reloaded before import = 0
Number of asset objects unloaded after import = 331
========================================================================
Received Import Request.
  Time since last request: 2.552109 seconds.
  path: Assets/Resources/Prefabs/Characters/11.prefab
  artifactKey: Guid(172dcdd6a638ea94fb05adcb313fc20a) Importer(815301076,1909f56bfc062723c751e8b465ee728b)
Start importing Assets/Resources/Prefabs/Characters/11.prefab using Guid(172dcdd6a638ea94fb05adcb313fc20a) Importer(815301076,1909f56bfc062723c751e8b465ee728b)  -> (artifact id: '08e0efbad779e181491b972a7b771c37') in 0.086579 seconds
Number of updated asset objects reloaded before import = 0
Number of asset objects unloaded after import = 219
========================================================================
Received Import Request.
  Time since last request: 3.533365 seconds.
  path: Assets/Resources/Prefabs/Characters/Bear.prefab
  artifactKey: Guid(7efdcba34ab9e084ebfa24d4167eb57e) Importer(815301076,1909f56bfc062723c751e8b465ee728b)
Start importing Assets/Resources/Prefabs/Characters/Bear.prefab using Guid(7efdcba34ab9e084ebfa24d4167eb57e) Importer(815301076,1909f56bfc062723c751e8b465ee728b)  -> (artifact id: '3066e775aa958b6d90fbdea77b3736cc') in 0.064226 seconds
Number of updated asset objects reloaded before import = 0
Number of asset objects unloaded after import = 192
========================================================================
Received Import Request.
  Time since last request: 304.590253 seconds.
  path: Assets/Resources/Prefabs/Characters/1.prefab
  artifactKey: Guid(317bf572044d46343b736b6667eeb2d1) Importer(815301076,1909f56bfc062723c751e8b465ee728b)
Start importing Assets/Resources/Prefabs/Characters/1.prefab using Guid(317bf572044d46343b736b6667eeb2d1) Importer(815301076,1909f56bfc062723c751e8b465ee728b)  -> (artifact id: '5c6c38949cd3aebcdf704799e0ae8c29') in 0.053714 seconds
Number of updated asset objects reloaded before import = 0
Number of asset objects unloaded after import = 232
========================================================================
Received Import Request.
  Time since last request: 1.596549 seconds.
  path: ProjectSettings/TagManager.asset
  artifactKey: Guid(00000000000000003000000000000000) Importer(815301076,1909f56bfc062723c751e8b465ee728b)
Start importing ProjectSettings/TagManager.asset using Guid(00000000000000003000000000000000) Importer(815301076,1909f56bfc062723c751e8b465ee728b)  -> (artifact id: '00af5248a147c2535b9c9a7457311593') in 0.000826 seconds
Number of updated asset objects reloaded before import = 0
Number of asset objects unloaded after import = 0
========================================================================
Received Import Request.
  Time since last request: 8.313245 seconds.
  path: Assets/Resources/Prefabs/Characters/2.prefab
  artifactKey: Guid(40590edb7b95f31418f0d1bfdf9b9e4a) Importer(815301076,1909f56bfc062723c751e8b465ee728b)
Start importing Assets/Resources/Prefabs/Characters/2.prefab using Guid(40590edb7b95f31418f0d1bfdf9b9e4a) Importer(815301076,1909f56bfc062723c751e8b465ee728b)  -> (artifact id: '019278ce77992225a6e9f045ab2ebe1b') in 0.058757 seconds
Number of updated asset objects reloaded before import = 0
Number of asset objects unloaded after import = 240
========================================================================
Received Import Request.
  Time since last request: 1.826483 seconds.
  path: Assets/Resources/Prefabs/Characters/3.prefab
  artifactKey: Guid(688ffa9d4a6a5f9478618829a757e864) Importer(815301076,1909f56bfc062723c751e8b465ee728b)
Start importing Assets/Resources/Prefabs/Characters/3.prefab using Guid(688ffa9d4a6a5f9478618829a757e864) Importer(815301076,1909f56bfc062723c751e8b465ee728b)  -> (artifact id: 'eb661236adba98908a9c5b1739089cd9') in 0.056855 seconds
Number of updated asset objects reloaded before import = 0
Number of asset objects unloaded after import = 216
========================================================================
Received Import Request.
  Time since last request: 2.294325 seconds.
  path: Assets/Resources/Prefabs/Characters/4.prefab
  artifactKey: Guid(8a6263fb6c028e345bcfa49f744aafb2) Importer(815301076,1909f56bfc062723c751e8b465ee728b)
Start importing Assets/Resources/Prefabs/Characters/4.prefab using Guid(8a6263fb6c028e345bcfa49f744aafb2) Importer(815301076,1909f56bfc062723c751e8b465ee728b)  -> (artifact id: '8020093ba6a996b966a4d154042aca7d') in 0.066084 seconds
Number of updated asset objects reloaded before import = 0
Number of asset objects unloaded after import = 245
========================================================================
Received Import Request.
  Time since last request: 1.758511 seconds.
  path: Assets/Resources/Prefabs/Characters/5.prefab
  artifactKey: Guid(b665b64f5ee82764e84e5b36f25ea6ad) Importer(815301076,1909f56bfc062723c751e8b465ee728b)
Start importing Assets/Resources/Prefabs/Characters/5.prefab using Guid(b665b64f5ee82764e84e5b36f25ea6ad) Importer(815301076,1909f56bfc062723c751e8b465ee728b)  -> (artifact id: '15dc1a81a85c969d891442714c21b510') in 0.063396 seconds
Number of updated asset objects reloaded before import = 0
Number of asset objects unloaded after import = 232
========================================================================
Received Import Request.
  Time since last request: 1.676210 seconds.
  path: Assets/Resources/Prefabs/Characters/8.prefab
  artifactKey: Guid(bd3d546fecab3624fa72e98ec4365256) Importer(815301076,1909f56bfc062723c751e8b465ee728b)
Start importing Assets/Resources/Prefabs/Characters/8.prefab using Guid(bd3d546fecab3624fa72e98ec4365256) Importer(815301076,1909f56bfc062723c751e8b465ee728b)  -> (artifact id: 'bd246de9949aa22e230660d623c8aaba') in 0.076417 seconds
Number of updated asset objects reloaded before import = 0
Number of asset objects unloaded after import = 331
========================================================================
Received Import Request.
  Time since last request: 8.435106 seconds.
  path: Assets/Resources/Prefabs/Characters/11.prefab
  artifactKey: Guid(172dcdd6a638ea94fb05adcb313fc20a) Importer(815301076,1909f56bfc062723c751e8b465ee728b)
Start importing Assets/Resources/Prefabs/Characters/11.prefab using Guid(172dcdd6a638ea94fb05adcb313fc20a) Importer(815301076,1909f56bfc062723c751e8b465ee728b)  -> (artifact id: 'b5b2261db3c0fec470aec4f84442e0ce') in 0.095116 seconds
Number of updated asset objects reloaded before import = 0
Number of asset objects unloaded after import = 219
========================================================================
Received Import Request.
  Time since last request: 0.434426 seconds.
  path: Assets/Resources/Prefabs/Characters/9.prefab
  artifactKey: Guid(47945b94fd862d24e9a651b6575c9427) Importer(815301076,1909f56bfc062723c751e8b465ee728b)
Start importing Assets/Resources/Prefabs/Characters/9.prefab using Guid(47945b94fd862d24e9a651b6575c9427) Importer(815301076,1909f56bfc062723c751e8b465ee728b)  -> (artifact id: '865c144d47f7fdc958741993f3211f8c') in 0.015070 seconds
Number of updated asset objects reloaded before import = 0
Number of asset objects unloaded after import = 47
========================================================================
Received Import Request.
  Time since last request: 0.297740 seconds.
  path: Assets/Resources/Prefabs/Characters/6.prefab
  artifactKey: Guid(606e9a55c4a753e4b96ce29207b1a51e) Importer(815301076,1909f56bfc062723c751e8b465ee728b)
Start importing Assets/Resources/Prefabs/Characters/6.prefab using Guid(606e9a55c4a753e4b96ce29207b1a51e) Importer(815301076,1909f56bfc062723c751e8b465ee728b)  -> (artifact id: 'c3abf87cf84a085ace93317dae4c4b2a') in 0.054385 seconds
Number of updated asset objects reloaded before import = 0
Number of asset objects unloaded after import = 432
========================================================================
Received Import Request.
  Time since last request: 15.026061 seconds.
  path: Assets/Resources/Prefabs/Characters/7.prefab
  artifactKey: Guid(5e9315674e52c0a4ba77c0b621fa394c) Importer(815301076,1909f56bfc062723c751e8b465ee728b)
Start importing Assets/Resources/Prefabs/Characters/7.prefab using Guid(5e9315674e52c0a4ba77c0b621fa394c) Importer(815301076,1909f56bfc062723c751e8b465ee728b)  -> (artifact id: '7f8980a02065f8de502b0cee8e3fd592') in 0.065467 seconds
Number of updated asset objects reloaded before import = 0
Number of asset objects unloaded after import = 518
========================================================================
Received Import Request.
  Time since last request: 3.614337 seconds.
  path: Assets/Resources/Prefabs/Characters/7.prefab
  artifactKey: Guid(5e9315674e52c0a4ba77c0b621fa394c) Importer(815301076,1909f56bfc062723c751e8b465ee728b)
Start importing Assets/Resources/Prefabs/Characters/7.prefab using Guid(5e9315674e52c0a4ba77c0b621fa394c) Importer(815301076,1909f56bfc062723c751e8b465ee728b)  -> (artifact id: 'a677d7bb3eda1575f3e2ad846042ae8b') in 0.064311 seconds
Number of updated asset objects reloaded before import = 0
Number of asset objects unloaded after import = 518
========================================================================
Received Import Request.
  Time since last request: 2.877493 seconds.
  path: Assets/Resources/Prefabs/Characters/1.prefab
  artifactKey: Guid(317bf572044d46343b736b6667eeb2d1) Importer(815301076,1909f56bfc062723c751e8b465ee728b)
Start importing Assets/Resources/Prefabs/Characters/1.prefab using Guid(317bf572044d46343b736b6667eeb2d1) Importer(815301076,1909f56bfc062723c751e8b465ee728b)  -> (artifact id: '0322cb801d5af579a67e7bebd028dbef') in 0.048365 seconds
Number of updated asset objects reloaded before import = 0
Number of asset objects unloaded after import = 232
========================================================================
Received Import Request.
  Time since last request: 16.293502 seconds.
  path: Assets/Resources
  artifactKey: Guid(4021d4e17bb17c148a7c73d296b97ecb) Importer(815301076,1909f56bfc062723c751e8b465ee728b)
Start importing Assets/Resources using Guid(4021d4e17bb17c148a7c73d296b97ecb) Importer(815301076,1909f56bfc062723c751e8b465ee728b)  -> (artifact id: '4ac345d3fb9564a5bbd731743cd4a9a3') in 0.000584 seconds
Number of updated asset objects reloaded before import = 0
Number of asset objects unloaded after import = 0
========================================================================
Received Import Request.
  Time since last request: 2.950907 seconds.
  path: Assets/Resources/Prefabs/Characters/4.prefab
  artifactKey: Guid(8a6263fb6c028e345bcfa49f744aafb2) Importer(815301076,1909f56bfc062723c751e8b465ee728b)
Start importing Assets/Resources/Prefabs/Characters/4.prefab using Guid(8a6263fb6c028e345bcfa49f744aafb2) Importer(815301076,1909f56bfc062723c751e8b465ee728b)  -> (artifact id: 'b8365896bff7bbfdbf09316c277bc37d') in 0.141295 seconds
Number of updated asset objects reloaded before import = 0
Number of asset objects unloaded after import = 245
========================================================================
Received Import Request.
  Time since last request: 0.237668 seconds.
  path: Assets/Resources/Prefabs/Characters/2.prefab
  artifactKey: Guid(40590edb7b95f31418f0d1bfdf9b9e4a) Importer(815301076,1909f56bfc062723c751e8b465ee728b)
Start importing Assets/Resources/Prefabs/Characters/2.prefab using Guid(40590edb7b95f31418f0d1bfdf9b9e4a) Importer(815301076,1909f56bfc062723c751e8b465ee728b)  -> (artifact id: 'cf0feab3607f557b0d4182c2619587c9') in 0.070687 seconds
Number of updated asset objects reloaded before import = 0
Number of asset objects unloaded after import = 240
========================================================================
Received Import Request.
  Time since last request: 1.070353 seconds.
  path: Assets/Resources/Prefabs/Characters/3.prefab
  artifactKey: Guid(688ffa9d4a6a5f9478618829a757e864) Importer(815301076,1909f56bfc062723c751e8b465ee728b)
Start importing Assets/Resources/Prefabs/Characters/3.prefab using Guid(688ffa9d4a6a5f9478618829a757e864) Importer(815301076,1909f56bfc062723c751e8b465ee728b)  -> (artifact id: '4ab1f376fa1c9104da4d370358d9f43d') in 0.055903 seconds
Number of updated asset objects reloaded before import = 0
Number of asset objects unloaded after import = 216
========================================================================
Received Import Request.
  Time since last request: 0.673883 seconds.
  path: Assets/Resources/Prefabs/Characters/5.prefab
  artifactKey: Guid(b665b64f5ee82764e84e5b36f25ea6ad) Importer(815301076,1909f56bfc062723c751e8b465ee728b)
Start importing Assets/Resources/Prefabs/Characters/5.prefab using Guid(b665b64f5ee82764e84e5b36f25ea6ad) Importer(815301076,1909f56bfc062723c751e8b465ee728b)  -> (artifact id: 'c9ecd2a25a18661805399902c94f9110') in 0.059425 seconds
Number of updated asset objects reloaded before import = 0
Number of asset objects unloaded after import = 232
========================================================================
Received Import Request.
  Time since last request: 0.300802 seconds.
  path: Assets/Resources/Prefabs/Characters/6.prefab
  artifactKey: Guid(606e9a55c4a753e4b96ce29207b1a51e) Importer(815301076,1909f56bfc062723c751e8b465ee728b)
Start importing Assets/Resources/Prefabs/Characters/6.prefab using Guid(606e9a55c4a753e4b96ce29207b1a51e) Importer(815301076,1909f56bfc062723c751e8b465ee728b)  -> (artifact id: 'd71b0689b23c789e8da60a570a631c3a') in 0.053437 seconds
Number of updated asset objects reloaded before import = 0
Number of asset objects unloaded after import = 432
========================================================================
Received Import Request.
  Time since last request: 1.812703 seconds.
  path: Assets/Resources/Prefabs/Characters/8.prefab
  artifactKey: Guid(bd3d546fecab3624fa72e98ec4365256) Importer(815301076,1909f56bfc062723c751e8b465ee728b)
Start importing Assets/Resources/Prefabs/Characters/8.prefab using Guid(bd3d546fecab3624fa72e98ec4365256) Importer(815301076,1909f56bfc062723c751e8b465ee728b)  -> (artifact id: 'baa5df5f21b31b118723c0decba13738') in 0.072991 seconds
Number of updated asset objects reloaded before import = 0
Number of asset objects unloaded after import = 331
========================================================================
Received Import Request.
  Time since last request: 0.295833 seconds.
  path: Assets/Resources/Prefabs/Characters/9.prefab
  artifactKey: Guid(47945b94fd862d24e9a651b6575c9427) Importer(815301076,1909f56bfc062723c751e8b465ee728b)
Start importing Assets/Resources/Prefabs/Characters/9.prefab using Guid(47945b94fd862d24e9a651b6575c9427) Importer(815301076,1909f56bfc062723c751e8b465ee728b)  -> (artifact id: 'd0415d75091b4a557a70529db64164f8') in 0.016433 seconds
Number of updated asset objects reloaded before import = 0
Number of asset objects unloaded after import = 47
========================================================================
Received Import Request.
  Time since last request: 0.411871 seconds.
  path: Assets/Resources/Prefabs/Characters/10.prefab
  artifactKey: Guid(9464aa6afc487e044b4a2c256e88154f) Importer(815301076,1909f56bfc062723c751e8b465ee728b)
Start importing Assets/Resources/Prefabs/Characters/10.prefab using Guid(9464aa6afc487e044b4a2c256e88154f) Importer(815301076,1909f56bfc062723c751e8b465ee728b)  -> (artifact id: '2b8d6b25a5ecbe92094e15a6758c0f12') in 0.020876 seconds
Number of updated asset objects reloaded before import = 0
Number of asset objects unloaded after import = 53
========================================================================
Received Import Request.
  Time since last request: 0.336827 seconds.
  path: Assets/Resources/Prefabs/Characters/11.prefab
  artifactKey: Guid(172dcdd6a638ea94fb05adcb313fc20a) Importer(815301076,1909f56bfc062723c751e8b465ee728b)
Start importing Assets/Resources/Prefabs/Characters/11.prefab using Guid(172dcdd6a638ea94fb05adcb313fc20a) Importer(815301076,1909f56bfc062723c751e8b465ee728b)  -> (artifact id: '66f7676ca5b892ba88555326740983ec') in 0.094703 seconds
Number of updated asset objects reloaded before import = 0
Number of asset objects unloaded after import = 219
========================================================================
Received Import Request.
  Time since last request: 0.517567 seconds.
  path: Assets/Resources/Prefabs/Characters/12.prefab
  artifactKey: Guid(5a97a91ec57f88040bd07268f24077c7) Importer(815301076,1909f56bfc062723c751e8b465ee728b)
Start importing Assets/Resources/Prefabs/Characters/12.prefab using Guid(5a97a91ec57f88040bd07268f24077c7) Importer(815301076,1909f56bfc062723c751e8b465ee728b)  -> (artifact id: '0fabf30a255805884c0b96749ba35f41') in 0.015493 seconds
Number of updated asset objects reloaded before import = 0
Number of asset objects unloaded after import = 47
========================================================================
Received Import Request.
  Time since last request: 4.458074 seconds.
  path: Assets/Resources/Prefabs/Characters/9.prefab
  artifactKey: Guid(47945b94fd862d24e9a651b6575c9427) Importer(815301076,1909f56bfc062723c751e8b465ee728b)
Start importing Assets/Resources/Prefabs/Characters/9.prefab using Guid(47945b94fd862d24e9a651b6575c9427) Importer(815301076,1909f56bfc062723c751e8b465ee728b)  -> (artifact id: '3a528be5f872aba033a50f8cfb95f92e') in 0.018993 seconds
Number of updated asset objects reloaded before import = 0
Number of asset objects unloaded after import = 47
========================================================================
Received Import Request.
  Time since last request: 1.878975 seconds.
  path: Assets/Resources/Prefabs/Characters/10.prefab
  artifactKey: Guid(9464aa6afc487e044b4a2c256e88154f) Importer(815301076,1909f56bfc062723c751e8b465ee728b)
Start importing Assets/Resources/Prefabs/Characters/10.prefab using Guid(9464aa6afc487e044b4a2c256e88154f) Importer(815301076,1909f56bfc062723c751e8b465ee728b)  -> (artifact id: '7e4d9467aa8c315ae0ac188d2a76c05b') in 0.017506 seconds
Number of updated asset objects reloaded before import = 0
Number of asset objects unloaded after import = 53
========================================================================
Received Import Request.
  Time since last request: 1.643736 seconds.
  path: Assets/Resources/Prefabs/Characters/12.prefab
  artifactKey: Guid(5a97a91ec57f88040bd07268f24077c7) Importer(815301076,1909f56bfc062723c751e8b465ee728b)
Start importing Assets/Resources/Prefabs/Characters/12.prefab using Guid(5a97a91ec57f88040bd07268f24077c7) Importer(815301076,1909f56bfc062723c751e8b465ee728b)  -> (artifact id: 'a57eefdec1bc921ac78c014dcfc4e43f') in 0.014985 seconds
Number of updated asset objects reloaded before import = 0
Number of asset objects unloaded after import = 47
========================================================================
Received Import Request.
  Time since last request: 0.503631 seconds.
  path: Assets/Resources/Prefabs/Characters/Bear.prefab
  artifactKey: Guid(7efdcba34ab9e084ebfa24d4167eb57e) Importer(815301076,1909f56bfc062723c751e8b465ee728b)
Start importing Assets/Resources/Prefabs/Characters/Bear.prefab using Guid(7efdcba34ab9e084ebfa24d4167eb57e) Importer(815301076,1909f56bfc062723c751e8b465ee728b)  -> (artifact id: 'c8524faa2a6b0fc4618e55ba0333bf5e') in 0.061732 seconds
Number of updated asset objects reloaded before import = 0
Number of asset objects unloaded after import = 192
========================================================================
Received Import Request.
  Time since last request: 2.238550 seconds.
  path: Assets/Resources/Prefabs/Characters/Unit.prefab
  artifactKey: Guid(ef69944bbefe3794c809457f6f4dd6a8) Importer(815301076,1909f56bfc062723c751e8b465ee728b)
Start importing Assets/Resources/Prefabs/Characters/Unit.prefab using Guid(ef69944bbefe3794c809457f6f4dd6a8) Importer(815301076,1909f56bfc062723c751e8b465ee728b)  -> (artifact id: '02db93089d8722d0dd208a9d64e3c6c5') in 0.003463 seconds
Number of updated asset objects reloaded before import = 0
Number of asset objects unloaded after import = 8
========================================================================
Received Prepare
Begin MonoManager ReloadAssembly
- Loaded All Assemblies, in  0.607 seconds
Refreshing native plugins compatible for Editor in 4.66 ms, found 3 plugins.
Native extension for WindowsStandalone target not found
Native extension for Android target not found
Native extension for WebGL target not found
[Package Manager] Server::EnsureServerProcessIsRunning -- launch failed, reason: Unity was launched with the -noUpm command-line argument
[Package Manager] UpmClient::Send -- Unable to send message (not connected to UPM process).
[Package Manager] Cannot connect to Unity Package Manager local server
Mono: successfully reloaded assembly
- Finished resetting the current domain, in  1.085 seconds
Domain Reload Profiling: 1688ms
	BeginReloadAssembly (178ms)
		ExecutionOrderSort (0ms)
		DisableScriptedObjects (5ms)
		BackupInstance (0ms)
		ReleaseScriptingObjects (0ms)
		CreateAndSetChildDomain (35ms)
	RebuildCommonClasses (37ms)
	RebuildNativeTypeToScriptingClass (13ms)
	initialDomainReloadingComplete (38ms)
	LoadAllAssembliesAndSetupDomain (337ms)
		LoadAssemblies (414ms)
		RebuildTransferFunctionScriptingTraits (0ms)
		AnalyzeDomain (25ms)
			TypeCache.Refresh (10ms)
				TypeCache.ScanAssembly (1ms)
			ScanForSourceGeneratedMonoScriptInfo (7ms)
			ResolveRequiredComponents (6ms)
	FinalizeReload (1085ms)
		ReleaseScriptCaches (0ms)
		RebuildScriptCaches (0ms)
		SetupLoadedEditorAssemblies (455ms)
			LogAssemblyErrors (0ms)
			InitializePlatformSupportModulesInManaged (41ms)
			SetLoadedEditorAssemblies (4ms)
			RefreshPlugins (0ms)
			BeforeProcessingInitializeOnLoad (70ms)
			ProcessInitializeOnLoadAttributes (299ms)
			ProcessInitializeOnLoadMethodAttributes (27ms)
			AfterProcessingInitializeOnLoad (12ms)
			EditorAssembliesLoaded (0ms)
		ExecutionOrderSort2 (0ms)
		AwakeInstancesAfterBackupRestoration (11ms)
Refreshing native plugins compatible for Editor in 5.38 ms, found 3 plugins.
Preloading 0 native plugins for Editor in 0.00 ms.
Unloading 3135 Unused Serialized files (Serialized files now loaded: 0)
Unloading 25 unused Assets / (31.1 KB). Loaded Objects now: 3646.
Memory consumption went from 143.5 MB to 143.5 MB.
Total: 3.143300 ms (FindLiveObjects: 0.551000 ms CreateObjectMapping: 0.159000 ms MarkObjects: 2.382400 ms  DeleteObjects: 0.049800 ms)

Prepare: number of updated asset objects reloaded= 0
AssetImportParameters requested are different than current active one (requested -> active):
  custom:container-demuxer-ogg: 62fdf1f143b41e24485cea50d1cbac27 -> 
  custom:video-decoder-ogg-theora: a1e56fd34408186e4bbccfd4996cb3dc -> 
  custom:framework-win-MediaFoundation: 216162199b28c13a410421893ffa2e32 -> 
  custom:CustomObjectIndexerAttribute: 756ad292c208cfabdd7b50bc23989ffe -> 
  custom:container-demuxer-webm: 4f35f7cbe854078d1ac9338744f61a02 -> 
  custom:container-muxer-webm: aa71ff27fc2769a1b78a27578f13a17b -> 
  custom:video-decoder-webm-vp8: 9c59270c3fd7afecdb556c50c9e8de78 -> 
  custom:SearchIndexIgnoredProperties: e643bd26f0fe6173181afceb89e7c659 -> 
  custom:AudioImporter_EditorPlatform: d09bf68614088b80899f8185d706f6e7 -> 
  custom:video-encoder-webm-vp8: eb34c28f22e8b96e1ab97ce403110664 -> 
  custom:audio-decoder-ogg-vorbis: bf7c407c2cedff20999df2af8eb42d56 -> 
  custom:audio-encoder-webm-vorbis: bf7c407c2cedff20999df2af8eb42d56 -> 
========================================================================
Received Prepare
Begin MonoManager ReloadAssembly
- Loaded All Assemblies, in  0.603 seconds
Refreshing native plugins compatible for Editor in 5.35 ms, found 3 plugins.
Native extension for WindowsStandalone target not found
Native extension for Android target not found
Native extension for WebGL target not found
[Package Manager] Server::EnsureServerProcessIsRunning -- launch failed, reason: Unity was launched with the -noUpm command-line argument
[Package Manager] UpmClient::Send -- Unable to send message (not connected to UPM process).
[Package Manager] Cannot connect to Unity Package Manager local server
Mono: successfully reloaded assembly
- Finished resetting the current domain, in  1.087 seconds
Domain Reload Profiling: 1684ms
	BeginReloadAssembly (182ms)
		ExecutionOrderSort (0ms)
		DisableScriptedObjects (6ms)
		BackupInstance (0ms)
		ReleaseScriptingObjects (0ms)
		CreateAndSetChildDomain (33ms)
	RebuildCommonClasses (39ms)
	RebuildNativeTypeToScriptingClass (14ms)
	initialDomainReloadingComplete (44ms)
	LoadAllAssembliesAndSetupDomain (318ms)
		LoadAssemblies (402ms)
		RebuildTransferFunctionScriptingTraits (0ms)
		AnalyzeDomain (24ms)
			TypeCache.Refresh (10ms)
				TypeCache.ScanAssembly (1ms)
			ScanForSourceGeneratedMonoScriptInfo (7ms)
			ResolveRequiredComponents (5ms)
	FinalizeReload (1088ms)
		ReleaseScriptCaches (0ms)
		RebuildScriptCaches (0ms)
		SetupLoadedEditorAssemblies (419ms)
			LogAssemblyErrors (0ms)
			InitializePlatformSupportModulesInManaged (34ms)
			SetLoadedEditorAssemblies (4ms)
			RefreshPlugins (0ms)
			BeforeProcessingInitializeOnLoad (68ms)
			ProcessInitializeOnLoadAttributes (279ms)
			ProcessInitializeOnLoadMethodAttributes (22ms)
			AfterProcessingInitializeOnLoad (12ms)
			EditorAssembliesLoaded (0ms)
		ExecutionOrderSort2 (0ms)
		AwakeInstancesAfterBackupRestoration (11ms)
Refreshing native plugins compatible for Editor in 5.38 ms, found 3 plugins.
Preloading 0 native plugins for Editor in 0.00 ms.
Unloading 3136 Unused Serialized files (Serialized files now loaded: 0)
Unloading 25 unused Assets / (31.0 KB). Loaded Objects now: 3649.
Memory consumption went from 145.7 MB to 145.7 MB.
Total: 3.287200 ms (FindLiveObjects: 0.465000 ms CreateObjectMapping: 0.175800 ms MarkObjects: 2.544000 ms  DeleteObjects: 0.100900 ms)

Prepare: number of updated asset objects reloaded= 0
AssetImportParameters requested are different than current active one (requested -> active):
  custom:container-demuxer-ogg: 62fdf1f143b41e24485cea50d1cbac27 -> 
  custom:video-decoder-ogg-theora: a1e56fd34408186e4bbccfd4996cb3dc -> 
  custom:framework-win-MediaFoundation: 216162199b28c13a410421893ffa2e32 -> 
  custom:CustomObjectIndexerAttribute: 756ad292c208cfabdd7b50bc23989ffe -> 
  custom:container-demuxer-webm: 4f35f7cbe854078d1ac9338744f61a02 -> 
  custom:container-muxer-webm: aa71ff27fc2769a1b78a27578f13a17b -> 
  custom:video-decoder-webm-vp8: 9c59270c3fd7afecdb556c50c9e8de78 -> 
  custom:SearchIndexIgnoredProperties: e643bd26f0fe6173181afceb89e7c659 -> 
  custom:AudioImporter_EditorPlatform: d09bf68614088b80899f8185d706f6e7 -> 
  custom:video-encoder-webm-vp8: eb34c28f22e8b96e1ab97ce403110664 -> 
  custom:audio-decoder-ogg-vorbis: bf7c407c2cedff20999df2af8eb42d56 -> 
  custom:audio-encoder-webm-vorbis: bf7c407c2cedff20999df2af8eb42d56 -> 
